[2019-08-05 14:41:47] laravel.EMERGENCY: Unable to create configured logger. Using emergency logger. {"exception":"[object] (InvalidArgumentException(code: 0): Log [] is not defined. at /home/vagrant/bespokeweb/packages/laravel-mvc/vendor/laravel/framework/src/Illuminate/Log/LogManager.php:168)
[stacktrace]
#0 /home/vagrant/bespokeweb/packages/laravel-mvc/vendor/laravel/framework/src/Illuminate/Log/LogManager.php(102): Illuminate\\Log\\LogManager->resolve(NULL)
#1 /home/vagrant/bespokeweb/packages/laravel-mvc/vendor/laravel/framework/src/Illuminate/Log/LogManager.php(90): Illuminate\\Log\\LogManager->get(NULL)
#2 /home/vagrant/bespokeweb/packages/laravel-mvc/vendor/laravel/framework/src/Illuminate/Log/LogManager.php(500): Illuminate\\Log\\LogManager->driver()
#3 /home/vagrant/bespokeweb/packages/laravel-mvc/vendor/laravel/framework/src/Illuminate/Foundation/Exceptions/Handler.php(114): Illuminate\\Log\\LogManager->error('Command \"mvc:re...', Array)
#4 /home/vagrant/bespokeweb/packages/laravel-mvc/vendor/matthewbdaly/artisan-standalone/src/Exceptions/Handler.php(39): Illuminate\\Foundation\\Exceptions\\Handler->report(Object(Symfony\\Component\\Console\\Exception\\CommandNotFoundException))
#5 /home/vagrant/bespokeweb/packages/laravel-mvc/vendor/laravel/framework/src/Illuminate/Foundation/Console/Kernel.php(367): Matthewbdaly\\ArtisanStandalone\\Exceptions\\Handler->report(Object(Symfony\\Component\\Console\\Exception\\CommandNotFoundException))
#6 /home/vagrant/bespokeweb/packages/laravel-mvc/vendor/laravel/framework/src/Illuminate/Foundation/Console/Kernel.php(124): Illuminate\\Foundation\\Console\\Kernel->reportException(Object(Symfony\\Component\\Console\\Exception\\CommandNotFoundException))
#7 /home/vagrant/bespokeweb/packages/laravel-mvc/vendor/matthewbdaly/artisan-standalone/artisan(36): Illuminate\\Foundation\\Console\\Kernel->handle(Object(Symfony\\Component\\Console\\Input\\ArgvInput), Object(Symfony\\Component\\Console\\Output\\ConsoleOutput))
#8 /home/vagrant/bespokeweb/packages/laravel-mvc/vendor/tychovbh/laravel-package-skeleton/artisan(3): include('/home/vagrant/b...')
#9 /home/vagrant/bespokeweb/packages/laravel-mvc/artisan(3): include('/home/vagrant/b...')
#10 {main}
"} 
[2019-08-05 14:41:47] laravel.ERROR: Command "mvc:resource" is not defined.

Did you mean one of these?
    make:resource
    mvc:collections
    mvc:controller
    mvc:repository
    mvc:request
    mvc:update {"exception":"[object] (Symfony\\Component\\Console\\Exception\\CommandNotFoundException(code: 0): Command \"mvc:resource\" is not defined.

Did you mean one of these?
    make:resource
    mvc:collections
    mvc:controller
    mvc:repository
    mvc:request
    mvc:update at /home/vagrant/bespokeweb/packages/laravel-mvc/vendor/symfony/console/Application.php:639)
[stacktrace]
#0 /home/vagrant/bespokeweb/packages/laravel-mvc/vendor/symfony/console/Application.php(233): Symfony\\Component\\Console\\Application->find('mvc:resource')
#1 /home/vagrant/bespokeweb/packages/laravel-mvc/vendor/symfony/console/Application.php(145): Symfony\\Component\\Console\\Application->doRun(Object(Symfony\\Component\\Console\\Input\\ArgvInput), Object(Symfony\\Component\\Console\\Output\\ConsoleOutput))
#2 /home/vagrant/bespokeweb/packages/laravel-mvc/vendor/laravel/framework/src/Illuminate/Console/Application.php(90): Symfony\\Component\\Console\\Application->run(Object(Symfony\\Component\\Console\\Input\\ArgvInput), Object(Symfony\\Component\\Console\\Output\\ConsoleOutput))
#3 /home/vagrant/bespokeweb/packages/laravel-mvc/vendor/laravel/framework/src/Illuminate/Foundation/Console/Kernel.php(122): Illuminate\\Console\\Application->run(Object(Symfony\\Component\\Console\\Input\\ArgvInput), Object(Symfony\\Component\\Console\\Output\\ConsoleOutput))
#4 /home/vagrant/bespokeweb/packages/laravel-mvc/vendor/matthewbdaly/artisan-standalone/artisan(36): Illuminate\\Foundation\\Console\\Kernel->handle(Object(Symfony\\Component\\Console\\Input\\ArgvInput), Object(Symfony\\Component\\Console\\Output\\ConsoleOutput))
#5 /home/vagrant/bespokeweb/packages/laravel-mvc/vendor/tychovbh/laravel-package-skeleton/artisan(3): include('/home/vagrant/b...')
#6 /home/vagrant/bespokeweb/packages/laravel-mvc/artisan(3): include('/home/vagrant/b...')
#7 {main}
"} 
